{"/Users/kbingman/Work/Rust/theexpanseapi/www/mocks/handlers.ts": {"path":"/Users/kbingman/Work/Rust/theexpanseapi/www/mocks/handlers.ts","statementMap":{"0":{"start":{"line":4,"column":21},"end":{"line":4,"column":44}},"1":{"start":{"line":6,"column":24},"end":{"line":17,"column":1}},"2":{"start":{"line":8,"column":4},"end":{"line":8,"column":48}},"3":{"start":{"line":11,"column":4},"end":{"line":11,"column":77}},"4":{"start":{"line":14,"column":21},"end":{"line":14,"column":31}},"5":{"start":{"line":15,"column":4},"end":{"line":15,"column":35}}},"fnMap":{"0":{"name":"(anonymous_0)","decl":{"start":{"line":7,"column":41},"end":{"line":7,"column":42}},"loc":{"start":{"line":7,"column":61},"end":{"line":9,"column":3}},"line":7},"1":{"name":"(anonymous_1)","decl":{"start":{"line":10,"column":47},"end":{"line":10,"column":48}},"loc":{"start":{"line":10,"column":66},"end":{"line":12,"column":3}},"line":10},"2":{"name":"(anonymous_2)","decl":{"start":{"line":13,"column":50},"end":{"line":13,"column":51}},"loc":{"start":{"line":13,"column":69},"end":{"line":16,"column":3}},"line":13}},"branchMap":{},"s":{"0":1,"1":1,"2":1,"3":0,"4":0,"5":0},"f":{"0":1,"1":0,"2":0},"b":{},"_coverageSchema":"1a1c01bbd47fc00a2c39e90264f33305004495a9","hash":"5437c7169a07e7ac4d9b1d454aeda5fe8650989f"}
,"/Users/kbingman/Work/Rust/theexpanseapi/www/mocks/server.ts": {"path":"/Users/kbingman/Work/Rust/theexpanseapi/www/mocks/server.ts","statementMap":{"0":{"start":{"line":4,"column":22},"end":{"line":4,"column":46}}},"fnMap":{},"branchMap":{},"s":{"0":1},"f":{},"b":{},"_coverageSchema":"1a1c01bbd47fc00a2c39e90264f33305004495a9","hash":"27c377f891b127cf737d38a9dce821d554842d75"}
,"/Users/kbingman/Work/Rust/theexpanseapi/www/pages/index.tsx": {"path":"/Users/kbingman/Work/Rust/theexpanseapi/www/pages/index.tsx","statementMap":{"0":{"start":{"line":9,"column":18},"end":{"line":22,"column":1}},"1":{"start":{"line":10,"column":2},"end":{"line":10,"column":32}},"2":{"start":{"line":11,"column":2},"end":{"line":11,"column":36}},"3":{"start":{"line":12,"column":2},"end":{"line":12,"column":22}},"4":{"start":{"line":13,"column":2},"end":{"line":13,"column":20}},"5":{"start":{"line":15,"column":2},"end":{"line":21,"column":4}},"6":{"start":{"line":24,"column":34},"end":{"line":43,"column":1}},"7":{"start":{"line":25,"column":2},"end":{"line":42,"column":3}},"8":{"start":{"line":26,"column":4},"end":{"line":26,"column":28}},"9":{"start":{"line":27,"column":25},"end":{"line":31,"column":6}},"10":{"start":{"line":32,"column":4},"end":{"line":32,"column":31}},"11":{"start":{"line":34,"column":4},"end":{"line":36,"column":6}},"12":{"start":{"line":38,"column":4},"end":{"line":38,"column":23}},"13":{"start":{"line":39,"column":4},"end":{"line":41,"column":6}}},"fnMap":{"0":{"name":"(anonymous_0)","decl":{"start":{"line":9,"column":18},"end":{"line":9,"column":19}},"loc":{"start":{"line":9,"column":84},"end":{"line":22,"column":1}},"line":9},"1":{"name":"(anonymous_1)","decl":{"start":{"line":24,"column":34},"end":{"line":24,"column":35}},"loc":{"start":{"line":24,"column":46},"end":{"line":43,"column":1}},"line":24}},"branchMap":{"0":{"loc":{"start":{"line":9,"column":21},"end":{"line":9,"column":33}},"type":"default-arg","locations":[{"start":{"line":9,"column":31},"end":{"line":9,"column":33}}],"line":9},"1":{"loc":{"start":{"line":9,"column":35},"end":{"line":9,"column":46}},"type":"default-arg","locations":[{"start":{"line":9,"column":44},"end":{"line":9,"column":46}}],"line":9},"2":{"loc":{"start":{"line":9,"column":48},"end":{"line":9,"column":63}},"type":"default-arg","locations":[{"start":{"line":9,"column":61},"end":{"line":9,"column":63}}],"line":9},"3":{"loc":{"start":{"line":9,"column":65},"end":{"line":9,"column":77}},"type":"default-arg","locations":[{"start":{"line":9,"column":73},"end":{"line":9,"column":77}}],"line":9},"4":{"loc":{"start":{"line":19,"column":7},"end":{"line":19,"column":34}},"type":"binary-expr","locations":[{"start":{"line":19,"column":7},"end":{"line":19,"column":12}},{"start":{"line":19,"column":16},"end":{"line":19,"column":34}}],"line":19}},"s":{"0":1,"1":1,"2":1,"3":1,"4":1,"5":1,"6":1,"7":1,"8":1,"9":1,"10":1,"11":1,"12":0,"13":0},"f":{"0":1,"1":1},"b":{"0":[1],"1":[1],"2":[0],"3":[1],"4":[1,0]},"_coverageSchema":"1a1c01bbd47fc00a2c39e90264f33305004495a9","hash":"a751f8f0e6755452205c038fe2c5f554e34b35c7"}
,"/Users/kbingman/Work/Rust/theexpanseapi/www/src/classes/atoms.ts": {"path":"/Users/kbingman/Work/Rust/theexpanseapi/www/src/classes/atoms.ts","statementMap":{"0":{"start":{"line":4,"column":36},"end":{"line":7,"column":2}},"1":{"start":{"line":9,"column":42},"end":{"line":19,"column":2}},"2":{"start":{"line":11,"column":25},"end":{"line":18,"column":3}},"3":{"start":{"line":12,"column":4},"end":{"line":14,"column":5}},"4":{"start":{"line":13,"column":6},"end":{"line":13,"column":18}},"5":{"start":{"line":15,"column":20},"end":{"line":15,"column":45}},"6":{"start":{"line":17,"column":4},"end":{"line":17,"column":33}}},"fnMap":{"0":{"name":"(anonymous_0)","decl":{"start":{"line":11,"column":7},"end":{"line":11,"column":8}},"loc":{"start":{"line":11,"column":25},"end":{"line":18,"column":3}},"line":11},"1":{"name":"(anonymous_1)","decl":{"start":{"line":11,"column":25},"end":{"line":11,"column":26}},"loc":{"start":{"line":11,"column":38},"end":{"line":18,"column":3}},"line":11}},"branchMap":{"0":{"loc":{"start":{"line":12,"column":4},"end":{"line":14,"column":5}},"type":"if","locations":[{"start":{"line":12,"column":4},"end":{"line":14,"column":5}},{"start":{"line":12,"column":4},"end":{"line":14,"column":5}}],"line":12},"1":{"loc":{"start":{"line":17,"column":11},"end":{"line":17,"column":32}},"type":"binary-expr","locations":[{"start":{"line":17,"column":11},"end":{"line":17,"column":24}},{"start":{"line":17,"column":28},"end":{"line":17,"column":32}}],"line":17}},"s":{"0":2,"1":2,"2":0,"3":0,"4":0,"5":0,"6":0},"f":{"0":0,"1":0},"b":{"0":[0,0],"1":[0,0]},"_coverageSchema":"1a1c01bbd47fc00a2c39e90264f33305004495a9","hash":"1e08cc3ddf6a101bb08438f51c8f4fed08354453"}
,"/Users/kbingman/Work/Rust/theexpanseapi/www/src/classes/hooks.ts": {"path":"/Users/kbingman/Work/Rust/theexpanseapi/www/src/classes/hooks.ts","statementMap":{"0":{"start":{"line":11,"column":40},"end":{"line":19,"column":1}},"1":{"start":{"line":12,"column":21},"end":{"line":12,"column":60}},"2":{"start":{"line":14,"column":2},"end":{"line":18,"column":16}},"3":{"start":{"line":15,"column":25},"end":{"line":15,"column":45}},"4":{"start":{"line":17,"column":4},"end":{"line":17,"column":25}}},"fnMap":{"0":{"name":"(anonymous_0)","decl":{"start":{"line":11,"column":40},"end":{"line":11,"column":41}},"loc":{"start":{"line":11,"column":72},"end":{"line":19,"column":1}},"line":11},"1":{"name":"(anonymous_1)","decl":{"start":{"line":14,"column":12},"end":{"line":14,"column":13}},"loc":{"start":{"line":14,"column":18},"end":{"line":18,"column":3}},"line":14}},"branchMap":{},"s":{"0":2,"1":1,"2":1,"3":1,"4":1},"f":{"0":1,"1":1},"b":{},"_coverageSchema":"1a1c01bbd47fc00a2c39e90264f33305004495a9","hash":"0fdf95497596e7313dbebd24e6b47edabfecc3a1"}
,"/Users/kbingman/Work/Rust/theexpanseapi/www/src/classes/index.ts": {"path":"/Users/kbingman/Work/Rust/theexpanseapi/www/src/classes/index.ts","statementMap":{},"fnMap":{},"branchMap":{},"s":{},"f":{},"b":{},"_coverageSchema":"1a1c01bbd47fc00a2c39e90264f33305004495a9","hash":"7e7a1fb9a6ee492d0d5e681af101585dc669af88"}
,"/Users/kbingman/Work/Rust/theexpanseapi/www/src/classes/components/index.tsx": {"path":"/Users/kbingman/Work/Rust/theexpanseapi/www/src/classes/components/index.tsx","statementMap":{"0":{"start":{"line":8,"column":31},"end":{"line":16,"column":1}},"1":{"start":{"line":9,"column":26},"end":{"line":9,"column":73}},"2":{"start":{"line":10,"column":2},"end":{"line":12,"column":3}},"3":{"start":{"line":11,"column":4},"end":{"line":11,"column":16}},"4":{"start":{"line":13,"column":19},"end":{"line":13,"column":34}},"5":{"start":{"line":15,"column":2},"end":{"line":15,"column":27}}},"fnMap":{"0":{"name":"(anonymous_0)","decl":{"start":{"line":8,"column":31},"end":{"line":8,"column":32}},"loc":{"start":{"line":8,"column":51},"end":{"line":16,"column":1}},"line":8}},"branchMap":{"0":{"loc":{"start":{"line":10,"column":2},"end":{"line":12,"column":3}},"type":"if","locations":[{"start":{"line":10,"column":2},"end":{"line":12,"column":3}},{"start":{"line":10,"column":2},"end":{"line":12,"column":3}}],"line":10}},"s":{"0":2,"1":0,"2":0,"3":0,"4":0,"5":0},"f":{"0":0},"b":{"0":[0,0]},"_coverageSchema":"1a1c01bbd47fc00a2c39e90264f33305004495a9","hash":"8085f14897d51d6146a9777e31d710f84f21984c"}
,"/Users/kbingman/Work/Rust/theexpanseapi/www/src/people/atoms.ts": {"path":"/Users/kbingman/Work/Rust/theexpanseapi/www/src/people/atoms.ts","statementMap":{"0":{"start":{"line":4,"column":25},"end":{"line":7,"column":2}},"1":{"start":{"line":9,"column":31},"end":{"line":16,"column":2}},"2":{"start":{"line":11,"column":25},"end":{"line":15,"column":3}},"3":{"start":{"line":12,"column":17},"end":{"line":12,"column":31}},"4":{"start":{"line":14,"column":4},"end":{"line":14,"column":40}}},"fnMap":{"0":{"name":"(anonymous_0)","decl":{"start":{"line":11,"column":7},"end":{"line":11,"column":8}},"loc":{"start":{"line":11,"column":25},"end":{"line":15,"column":3}},"line":11},"1":{"name":"(anonymous_1)","decl":{"start":{"line":11,"column":25},"end":{"line":11,"column":26}},"loc":{"start":{"line":11,"column":38},"end":{"line":15,"column":3}},"line":11}},"branchMap":{"0":{"loc":{"start":{"line":14,"column":11},"end":{"line":14,"column":39}},"type":"binary-expr","locations":[{"start":{"line":14,"column":11},"end":{"line":14,"column":21}},{"start":{"line":14,"column":25},"end":{"line":14,"column":39}}],"line":14}},"s":{"0":2,"1":2,"2":0,"3":0,"4":0},"f":{"0":0,"1":0},"b":{"0":[0,0]},"_coverageSchema":"1a1c01bbd47fc00a2c39e90264f33305004495a9","hash":"949dbb8c6a38993d31409f92c9f9175ad364acd4"}
,"/Users/kbingman/Work/Rust/theexpanseapi/www/src/people/hooks.ts": {"path":"/Users/kbingman/Work/Rust/theexpanseapi/www/src/people/hooks.ts","statementMap":{"0":{"start":{"line":11,"column":27},"end":{"line":18,"column":1}},"1":{"start":{"line":12,"column":18},"end":{"line":12,"column":46}},"2":{"start":{"line":13,"column":2},"end":{"line":17,"column":13}},"3":{"start":{"line":14,"column":25},"end":{"line":14,"column":42}},"4":{"start":{"line":16,"column":4},"end":{"line":16,"column":22}}},"fnMap":{"0":{"name":"(anonymous_0)","decl":{"start":{"line":11,"column":27},"end":{"line":11,"column":28}},"loc":{"start":{"line":11,"column":47},"end":{"line":18,"column":1}},"line":11},"1":{"name":"(anonymous_1)","decl":{"start":{"line":13,"column":12},"end":{"line":13,"column":13}},"loc":{"start":{"line":13,"column":18},"end":{"line":17,"column":3}},"line":13}},"branchMap":{},"s":{"0":2,"1":1,"2":1,"3":1,"4":1},"f":{"0":1,"1":1},"b":{},"_coverageSchema":"1a1c01bbd47fc00a2c39e90264f33305004495a9","hash":"a8f7a25a50b4e16b89159b5789cbcc8c81724b4e"}
,"/Users/kbingman/Work/Rust/theexpanseapi/www/src/people/index.ts": {"path":"/Users/kbingman/Work/Rust/theexpanseapi/www/src/people/index.ts","statementMap":{},"fnMap":{},"branchMap":{},"s":{},"f":{},"b":{},"_coverageSchema":"1a1c01bbd47fc00a2c39e90264f33305004495a9","hash":"31421e76de46dff5607d7874b2669cd5e8d3f2f8"}
,"/Users/kbingman/Work/Rust/theexpanseapi/www/src/people/components/index.tsx": {"path":"/Users/kbingman/Work/Rust/theexpanseapi/www/src/people/components/index.tsx","statementMap":{"0":{"start":{"line":4,"column":26},"end":{"line":11,"column":1}},"1":{"start":{"line":5,"column":15},"end":{"line":5,"column":51}},"2":{"start":{"line":6,"column":2},"end":{"line":8,"column":3}},"3":{"start":{"line":7,"column":4},"end":{"line":7,"column":16}},"4":{"start":{"line":10,"column":2},"end":{"line":10,"column":56}}},"fnMap":{"0":{"name":"(anonymous_0)","decl":{"start":{"line":4,"column":26},"end":{"line":4,"column":27}},"loc":{"start":{"line":4,"column":39},"end":{"line":11,"column":1}},"line":4}},"branchMap":{"0":{"loc":{"start":{"line":6,"column":2},"end":{"line":8,"column":3}},"type":"if","locations":[{"start":{"line":6,"column":2},"end":{"line":8,"column":3}},{"start":{"line":6,"column":2},"end":{"line":8,"column":3}}],"line":6}},"s":{"0":2,"1":0,"2":0,"3":0,"4":0},"f":{"0":0},"b":{"0":[0,0]},"_coverageSchema":"1a1c01bbd47fc00a2c39e90264f33305004495a9","hash":"5d18b03837365b3da85c32982406e483e0e6743e"}
,"/Users/kbingman/Work/Rust/theexpanseapi/www/src/spacecraft/hooks.ts": {"path":"/Users/kbingman/Work/Rust/theexpanseapi/www/src/spacecraft/hooks.ts","statementMap":{"0":{"start":{"line":14,"column":16},"end":{"line":14,"column":77}},"1":{"start":{"line":14,"column":40},"end":{"line":14,"column":77}},"2":{"start":{"line":16,"column":27},"end":{"line":20,"column":2}},"3":{"start":{"line":16,"column":68},"end":{"line":20,"column":1}},"4":{"start":{"line":25,"column":33},"end":{"line":35,"column":1}},"5":{"start":{"line":26,"column":24},"end":{"line":26,"column":58}},"6":{"start":{"line":27,"column":27},"end":{"line":27,"column":64}},"7":{"start":{"line":29,"column":2},"end":{"line":34,"column":19}},"8":{"start":{"line":30,"column":30},"end":{"line":30,"column":77}},"9":{"start":{"line":32,"column":4},"end":{"line":32,"column":28}},"10":{"start":{"line":33,"column":4},"end":{"line":33,"column":26}},"11":{"start":{"line":37,"column":35},"end":{"line":42,"column":1}},"12":{"start":{"line":38,"column":36},"end":{"line":40,"column":3}},"13":{"start":{"line":41,"column":2},"end":{"line":41,"column":37}},"14":{"start":{"line":44,"column":29},"end":{"line":49,"column":1}},"15":{"start":{"line":45,"column":38},"end":{"line":47,"column":3}},"16":{"start":{"line":48,"column":2},"end":{"line":48,"column":39}},"17":{"start":{"line":51,"column":34},"end":{"line":54,"column":1}},"18":{"start":{"line":52,"column":16},"end":{"line":52,"column":50}},"19":{"start":{"line":53,"column":2},"end":{"line":53,"column":15}}},"fnMap":{"0":{"name":"(anonymous_0)","decl":{"start":{"line":14,"column":16},"end":{"line":14,"column":17}},"loc":{"start":{"line":14,"column":40},"end":{"line":14,"column":77}},"line":14},"1":{"name":"(anonymous_1)","decl":{"start":{"line":16,"column":27},"end":{"line":16,"column":28}},"loc":{"start":{"line":16,"column":68},"end":{"line":20,"column":1}},"line":16},"2":{"name":"(anonymous_2)","decl":{"start":{"line":25,"column":33},"end":{"line":25,"column":34}},"loc":{"start":{"line":25,"column":63},"end":{"line":35,"column":1}},"line":25},"3":{"name":"(anonymous_3)","decl":{"start":{"line":29,"column":12},"end":{"line":29,"column":13}},"loc":{"start":{"line":29,"column":18},"end":{"line":34,"column":3}},"line":29},"4":{"name":"(anonymous_4)","decl":{"start":{"line":37,"column":35},"end":{"line":37,"column":36}},"loc":{"start":{"line":37,"column":53},"end":{"line":42,"column":1}},"line":37},"5":{"name":"(anonymous_5)","decl":{"start":{"line":44,"column":29},"end":{"line":44,"column":30}},"loc":{"start":{"line":44,"column":47},"end":{"line":49,"column":1}},"line":44},"6":{"name":"(anonymous_6)","decl":{"start":{"line":51,"column":34},"end":{"line":51,"column":35}},"loc":{"start":{"line":51,"column":40},"end":{"line":54,"column":1}},"line":51}},"branchMap":{"0":{"loc":{"start":{"line":14,"column":40},"end":{"line":14,"column":77}},"type":"binary-expr","locations":[{"start":{"line":14,"column":41},"end":{"line":14,"column":44}},{"start":{"line":14,"column":48},"end":{"line":14,"column":68}},{"start":{"line":14,"column":73},"end":{"line":14,"column":77}}],"line":14}},"s":{"0":3,"1":1,"2":3,"3":1,"4":3,"5":1,"6":1,"7":1,"8":1,"9":1,"10":1,"11":3,"12":7,"13":7,"14":3,"15":4,"16":4,"17":3,"18":5,"19":5},"f":{"0":1,"1":1,"2":1,"3":1,"4":7,"5":4,"6":5},"b":{"0":[1,1,0]},"_coverageSchema":"1a1c01bbd47fc00a2c39e90264f33305004495a9","hash":"aa96bfc1b91b0f3735d92fdaafdbc60b61e5b4e9"}
,"/Users/kbingman/Work/Rust/theexpanseapi/www/src/spacecraft/index.ts": {"path":"/Users/kbingman/Work/Rust/theexpanseapi/www/src/spacecraft/index.ts","statementMap":{},"fnMap":{},"branchMap":{},"s":{},"f":{},"b":{},"_coverageSchema":"1a1c01bbd47fc00a2c39e90264f33305004495a9","hash":"c4f6dc51ab52998b7f1029096b379cb56c231c9e"}
,"/Users/kbingman/Work/Rust/theexpanseapi/www/src/spacecraft/atoms/spacecraft.ts": {"path":"/Users/kbingman/Work/Rust/theexpanseapi/www/src/spacecraft/atoms/spacecraft.ts","statementMap":{"0":{"start":{"line":7,"column":31},"end":{"line":10,"column":2}},"1":{"start":{"line":15,"column":34},"end":{"line":18,"column":2}},"2":{"start":{"line":20,"column":32},"end":{"line":33,"column":2}},"3":{"start":{"line":22,"column":25},"end":{"line":26,"column":3}},"4":{"start":{"line":23,"column":23},"end":{"line":23,"column":43}},"5":{"start":{"line":25,"column":4},"end":{"line":25,"column":36}},"6":{"start":{"line":27,"column":25},"end":{"line":32,"column":3}},"7":{"start":{"line":29,"column":16},"end":{"line":29,"column":39}},"8":{"start":{"line":31,"column":4},"end":{"line":31,"column":59}},"9":{"start":{"line":31,"column":45},"end":{"line":31,"column":56}},"10":{"start":{"line":38,"column":37},"end":{"line":62,"column":2}},"11":{"start":{"line":40,"column":25},"end":{"line":44,"column":3}},"12":{"start":{"line":41,"column":23},"end":{"line":41,"column":43}},"13":{"start":{"line":43,"column":4},"end":{"line":43,"column":36}},"14":{"start":{"line":45,"column":25},"end":{"line":61,"column":3}},"15":{"start":{"line":46,"column":23},"end":{"line":46,"column":43}},"16":{"start":{"line":47,"column":42},"end":{"line":50,"column":5}},"17":{"start":{"line":57,"column":4},"end":{"line":60,"column":7}}},"fnMap":{"0":{"name":"(anonymous_0)","decl":{"start":{"line":22,"column":7},"end":{"line":22,"column":8}},"loc":{"start":{"line":22,"column":25},"end":{"line":26,"column":3}},"line":22},"1":{"name":"(anonymous_1)","decl":{"start":{"line":22,"column":25},"end":{"line":22,"column":26}},"loc":{"start":{"line":22,"column":38},"end":{"line":26,"column":3}},"line":22},"2":{"name":"(anonymous_2)","decl":{"start":{"line":27,"column":7},"end":{"line":27,"column":8}},"loc":{"start":{"line":27,"column":25},"end":{"line":32,"column":3}},"line":27},"3":{"name":"(anonymous_3)","decl":{"start":{"line":27,"column":25},"end":{"line":27,"column":26}},"loc":{"start":{"line":27,"column":43},"end":{"line":32,"column":3}},"line":27},"4":{"name":"(anonymous_4)","decl":{"start":{"line":31,"column":39},"end":{"line":31,"column":40}},"loc":{"start":{"line":31,"column":45},"end":{"line":31,"column":56}},"line":31},"5":{"name":"(anonymous_5)","decl":{"start":{"line":40,"column":7},"end":{"line":40,"column":8}},"loc":{"start":{"line":40,"column":25},"end":{"line":44,"column":3}},"line":40},"6":{"name":"(anonymous_6)","decl":{"start":{"line":40,"column":25},"end":{"line":40,"column":26}},"loc":{"start":{"line":40,"column":38},"end":{"line":44,"column":3}},"line":40},"7":{"name":"(anonymous_7)","decl":{"start":{"line":45,"column":7},"end":{"line":45,"column":8}},"loc":{"start":{"line":45,"column":25},"end":{"line":61,"column":3}},"line":45},"8":{"name":"(anonymous_8)","decl":{"start":{"line":45,"column":25},"end":{"line":45,"column":26}},"loc":{"start":{"line":45,"column":79},"end":{"line":61,"column":3}},"line":45}},"branchMap":{"0":{"loc":{"start":{"line":25,"column":11},"end":{"line":25,"column":35}},"type":"binary-expr","locations":[{"start":{"line":25,"column":11},"end":{"line":25,"column":27}},{"start":{"line":25,"column":31},"end":{"line":25,"column":35}}],"line":25},"1":{"loc":{"start":{"line":43,"column":11},"end":{"line":43,"column":35}},"type":"binary-expr","locations":[{"start":{"line":43,"column":11},"end":{"line":43,"column":27}},{"start":{"line":43,"column":31},"end":{"line":43,"column":35}}],"line":43}},"s":{"0":3,"1":3,"2":3,"3":0,"4":0,"5":0,"6":0,"7":0,"8":0,"9":0,"10":3,"11":2,"12":2,"13":2,"14":0,"15":0,"16":0,"17":0},"f":{"0":0,"1":0,"2":0,"3":0,"4":0,"5":2,"6":2,"7":0,"8":0},"b":{"0":[0,0],"1":[2,0]},"_coverageSchema":"1a1c01bbd47fc00a2c39e90264f33305004495a9","hash":"d89746583c390d39b6bf3c947152264a2e6dad44"}
,"/Users/kbingman/Work/Rust/theexpanseapi/www/src/spacecraft/atoms/ui.ts": {"path":"/Users/kbingman/Work/Rust/theexpanseapi/www/src/spacecraft/atoms/ui.ts","statementMap":{"0":{"start":{"line":6,"column":37},"end":{"line":9,"column":2}},"1":{"start":{"line":14,"column":40},"end":{"line":26,"column":2}},"2":{"start":{"line":16,"column":32},"end":{"line":18,"column":3}},"3":{"start":{"line":17,"column":4},"end":{"line":17,"column":54}},"4":{"start":{"line":19,"column":25},"end":{"line":25,"column":3}},"5":{"start":{"line":20,"column":4},"end":{"line":24,"column":5}},"6":{"start":{"line":21,"column":6},"end":{"line":21,"column":39}},"7":{"start":{"line":23,"column":6},"end":{"line":23,"column":42}}},"fnMap":{"0":{"name":"(anonymous_0)","decl":{"start":{"line":16,"column":7},"end":{"line":16,"column":8}},"loc":{"start":{"line":16,"column":32},"end":{"line":18,"column":3}},"line":16},"1":{"name":"(anonymous_1)","decl":{"start":{"line":16,"column":32},"end":{"line":16,"column":33}},"loc":{"start":{"line":16,"column":45},"end":{"line":18,"column":3}},"line":16},"2":{"name":"(anonymous_2)","decl":{"start":{"line":19,"column":7},"end":{"line":19,"column":8}},"loc":{"start":{"line":19,"column":25},"end":{"line":25,"column":3}},"line":19},"3":{"name":"(anonymous_3)","decl":{"start":{"line":19,"column":25},"end":{"line":19,"column":26}},"loc":{"start":{"line":19,"column":52},"end":{"line":25,"column":3}},"line":19}},"branchMap":{"0":{"loc":{"start":{"line":20,"column":4},"end":{"line":24,"column":5}},"type":"if","locations":[{"start":{"line":20,"column":4},"end":{"line":24,"column":5}},{"start":{"line":20,"column":4},"end":{"line":24,"column":5}}],"line":20}},"s":{"0":3,"1":3,"2":4,"3":4,"4":1,"5":1,"6":1,"7":0},"f":{"0":4,"1":4,"2":1,"3":1},"b":{"0":[1,0]},"_coverageSchema":"1a1c01bbd47fc00a2c39e90264f33305004495a9","hash":"cd81f6b6fbcb39f59428d71f488c75431c882218"}
,"/Users/kbingman/Work/Rust/theexpanseapi/www/src/spacecraft/components/index.tsx": {"path":"/Users/kbingman/Work/Rust/theexpanseapi/www/src/spacecraft/components/index.tsx","statementMap":{"0":{"start":{"line":17,"column":32},"end":{"line":24,"column":1}},"1":{"start":{"line":18,"column":2},"end":{"line":23,"column":8}},"2":{"start":{"line":21,"column":6},"end":{"line":21,"column":40}},"3":{"start":{"line":31,"column":30},"end":{"line":50,"column":1}},"4":{"start":{"line":32,"column":26},"end":{"line":32,"column":44}},"5":{"start":{"line":33,"column":17},"end":{"line":36,"column":3}},"6":{"start":{"line":34,"column":4},"end":{"line":34,"column":23}},"7":{"start":{"line":35,"column":4},"end":{"line":35,"column":54}},"8":{"start":{"line":38,"column":2},"end":{"line":49,"column":4}},"9":{"start":{"line":44,"column":27},"end":{"line":44,"column":60}},"10":{"start":{"line":58,"column":33},"end":{"line":76,"column":1}},"11":{"start":{"line":59,"column":40},"end":{"line":59,"column":59}},"12":{"start":{"line":60,"column":2},"end":{"line":62,"column":3}},"13":{"start":{"line":61,"column":4},"end":{"line":61,"column":16}},"14":{"start":{"line":63,"column":42},"end":{"line":63,"column":52}},"15":{"start":{"line":64,"column":38},"end":{"line":64,"column":63}},"16":{"start":{"line":66,"column":2},"end":{"line":75,"column":4}},"17":{"start":{"line":70,"column":31},"end":{"line":70,"column":49}},"18":{"start":{"line":83,"column":30},"end":{"line":93,"column":1}},"19":{"start":{"line":84,"column":16},"end":{"line":84,"column":36}},"20":{"start":{"line":86,"column":2},"end":{"line":92,"column":4}},"21":{"start":{"line":89,"column":8},"end":{"line":89,"column":68}}},"fnMap":{"0":{"name":"(anonymous_0)","decl":{"start":{"line":17,"column":32},"end":{"line":17,"column":33}},"loc":{"start":{"line":18,"column":2},"end":{"line":23,"column":8}},"line":18},"1":{"name":"(anonymous_1)","decl":{"start":{"line":20,"column":14},"end":{"line":20,"column":15}},"loc":{"start":{"line":21,"column":6},"end":{"line":21,"column":40}},"line":21},"2":{"name":"(anonymous_2)","decl":{"start":{"line":31,"column":30},"end":{"line":31,"column":31}},"loc":{"start":{"line":31,"column":65},"end":{"line":50,"column":1}},"line":31},"3":{"name":"(anonymous_3)","decl":{"start":{"line":33,"column":17},"end":{"line":33,"column":18}},"loc":{"start":{"line":33,"column":41},"end":{"line":36,"column":3}},"line":33},"4":{"name":"(anonymous_4)","decl":{"start":{"line":44,"column":20},"end":{"line":44,"column":21}},"loc":{"start":{"line":44,"column":27},"end":{"line":44,"column":60}},"line":44},"5":{"name":"(anonymous_5)","decl":{"start":{"line":58,"column":33},"end":{"line":58,"column":34}},"loc":{"start":{"line":58,"column":65},"end":{"line":76,"column":1}},"line":58},"6":{"name":"(anonymous_6)","decl":{"start":{"line":70,"column":25},"end":{"line":70,"column":26}},"loc":{"start":{"line":70,"column":31},"end":{"line":70,"column":49}},"line":70},"7":{"name":"(anonymous_7)","decl":{"start":{"line":83,"column":30},"end":{"line":83,"column":31}},"loc":{"start":{"line":83,"column":36},"end":{"line":93,"column":1}},"line":83},"8":{"name":"(anonymous_8)","decl":{"start":{"line":88,"column":17},"end":{"line":88,"column":18}},"loc":{"start":{"line":89,"column":8},"end":{"line":89,"column":68}},"line":89}},"branchMap":{"0":{"loc":{"start":{"line":60,"column":2},"end":{"line":62,"column":3}},"type":"if","locations":[{"start":{"line":60,"column":2},"end":{"line":62,"column":3}},{"start":{"line":60,"column":2},"end":{"line":62,"column":3}}],"line":60},"1":{"loc":{"start":{"line":73,"column":7},"end":{"line":73,"column":73}},"type":"binary-expr","locations":[{"start":{"line":73,"column":7},"end":{"line":73,"column":16}},{"start":{"line":73,"column":20},"end":{"line":73,"column":73}}],"line":73}},"s":{"0":2,"1":0,"2":0,"3":2,"4":0,"5":0,"6":0,"7":0,"8":0,"9":0,"10":2,"11":4,"12":4,"13":0,"14":4,"15":4,"16":4,"17":0,"18":2,"19":5,"20":5,"21":3},"f":{"0":0,"1":0,"2":0,"3":0,"4":0,"5":4,"6":0,"7":5,"8":3},"b":{"0":[0,4],"1":[4,0]},"_coverageSchema":"1a1c01bbd47fc00a2c39e90264f33305004495a9","hash":"2e78ce5cb3baf3437adb0974471e6121e17bff9a"}
,"/Users/kbingman/Work/Rust/theexpanseapi/www/src/spacecraft/utils/index.ts": {"path":"/Users/kbingman/Work/Rust/theexpanseapi/www/src/spacecraft/utils/index.ts","statementMap":{"0":{"start":{"line":4,"column":29},"end":{"line":7,"column":4}},"1":{"start":{"line":5,"column":2},"end":{"line":7,"column":4}},"2":{"start":{"line":9,"column":32},"end":{"line":13,"column":4}},"3":{"start":{"line":10,"column":2},"end":{"line":13,"column":4}},"4":{"start":{"line":15,"column":32},"end":{"line":19,"column":4}},"5":{"start":{"line":16,"column":2},"end":{"line":19,"column":4}},"6":{"start":{"line":21,"column":32},"end":{"line":24,"column":4}},"7":{"start":{"line":22,"column":2},"end":{"line":24,"column":4}}},"fnMap":{"0":{"name":"(anonymous_0)","decl":{"start":{"line":4,"column":29},"end":{"line":4,"column":30}},"loc":{"start":{"line":5,"column":2},"end":{"line":7,"column":4}},"line":5},"1":{"name":"(anonymous_1)","decl":{"start":{"line":9,"column":32},"end":{"line":9,"column":33}},"loc":{"start":{"line":10,"column":2},"end":{"line":13,"column":4}},"line":10},"2":{"name":"(anonymous_2)","decl":{"start":{"line":15,"column":32},"end":{"line":15,"column":33}},"loc":{"start":{"line":16,"column":2},"end":{"line":19,"column":4}},"line":16},"3":{"name":"(anonymous_3)","decl":{"start":{"line":21,"column":32},"end":{"line":21,"column":33}},"loc":{"start":{"line":22,"column":2},"end":{"line":24,"column":4}},"line":22}},"branchMap":{},"s":{"0":2,"1":1,"2":2,"3":0,"4":2,"5":0,"6":2,"7":0},"f":{"0":1,"1":0,"2":0,"3":0},"b":{},"_coverageSchema":"1a1c01bbd47fc00a2c39e90264f33305004495a9","hash":"98f10b77cfc243be7b1cc05f80bc16c9fd2302b4"}
,"/Users/kbingman/Work/Rust/theexpanseapi/www/src/utils/entities.ts": {"path":"/Users/kbingman/Work/Rust/theexpanseapi/www/src/utils/entities.ts","statementMap":{"0":{"start":{"line":6,"column":27},"end":{"line":15,"column":3}},"1":{"start":{"line":9,"column":2},"end":{"line":15,"column":3}},"2":{"start":{"line":10,"column":17},"end":{"line":13,"column":5}}},"fnMap":{"0":{"name":"(anonymous_0)","decl":{"start":{"line":6,"column":27},"end":{"line":6,"column":28}},"loc":{"start":{"line":9,"column":2},"end":{"line":15,"column":3}},"line":9},"1":{"name":"(anonymous_1)","decl":{"start":{"line":10,"column":4},"end":{"line":10,"column":5}},"loc":{"start":{"line":10,"column":17},"end":{"line":13,"column":5}},"line":10}},"branchMap":{},"s":{"0":3,"1":3,"2":1},"f":{"0":3,"1":1},"b":{},"_coverageSchema":"1a1c01bbd47fc00a2c39e90264f33305004495a9","hash":"a0a071ca270ef8a1442da6dd1c31575c11e1f177"}
,"/Users/kbingman/Work/Rust/theexpanseapi/www/src/utils/fetch.ts": {"path":"/Users/kbingman/Work/Rust/theexpanseapi/www/src/utils/fetch.ts","statementMap":{"0":{"start":{"line":3,"column":2},"end":{"line":5,"column":29}},"1":{"start":{"line":9,"column":25},"end":{"line":23,"column":1}},"2":{"start":{"line":13,"column":2},"end":{"line":22,"column":3}},"3":{"start":{"line":14,"column":21},"end":{"line":17,"column":6}},"4":{"start":{"line":18,"column":4},"end":{"line":18,"column":27}},"5":{"start":{"line":20,"column":4},"end":{"line":20,"column":23}},"6":{"start":{"line":21,"column":4},"end":{"line":21,"column":14}}},"fnMap":{"0":{"name":"(anonymous_0)","decl":{"start":{"line":9,"column":25},"end":{"line":9,"column":26}},"loc":{"start":{"line":12,"column":19},"end":{"line":23,"column":1}},"line":12}},"branchMap":{"0":{"loc":{"start":{"line":3,"column":2},"end":{"line":5,"column":29}},"type":"cond-expr","locations":[{"start":{"line":4,"column":6},"end":{"line":4,"column":25}},{"start":{"line":5,"column":6},"end":{"line":5,"column":29}}],"line":3},"1":{"loc":{"start":{"line":11,"column":2},"end":{"line":11,"column":27}},"type":"default-arg","locations":[{"start":{"line":11,"column":25},"end":{"line":11,"column":27}}],"line":11},"2":{"loc":{"start":{"line":16,"column":14},"end":{"line":16,"column":37}},"type":"binary-expr","locations":[{"start":{"line":16,"column":14},"end":{"line":16,"column":28}},{"start":{"line":16,"column":32},"end":{"line":16,"column":37}}],"line":16}},"s":{"0":3,"1":3,"2":1,"3":1,"4":1,"5":0,"6":0},"f":{"0":1},"b":{"0":[0,3],"1":[0],"2":[1,0]},"_coverageSchema":"1a1c01bbd47fc00a2c39e90264f33305004495a9","hash":"c89dacce7e519623b4d059600b6840f9b5332ce1"}
,"/Users/kbingman/Work/Rust/theexpanseapi/www/src/utils/index.ts": {"path":"/Users/kbingman/Work/Rust/theexpanseapi/www/src/utils/index.ts","statementMap":{},"fnMap":{},"branchMap":{},"s":{},"f":{},"b":{},"_coverageSchema":"1a1c01bbd47fc00a2c39e90264f33305004495a9","hash":"aaaa19f4a4528dbcdab40c51028b00756dfe941f"}
,"/Users/kbingman/Work/Rust/theexpanseapi/www/src/utils/logger.ts": {"path":"/Users/kbingman/Work/Rust/theexpanseapi/www/src/utils/logger.ts","statementMap":{"0":{"start":{"line":1,"column":22},"end":{"line":5,"column":1}},"1":{"start":{"line":2,"column":2},"end":{"line":4,"column":3}},"2":{"start":{"line":3,"column":4},"end":{"line":3,"column":21}}},"fnMap":{"0":{"name":"(anonymous_0)","decl":{"start":{"line":1,"column":22},"end":{"line":1,"column":23}},"loc":{"start":{"line":1,"column":36},"end":{"line":5,"column":1}},"line":1}},"branchMap":{"0":{"loc":{"start":{"line":2,"column":2},"end":{"line":4,"column":3}},"type":"if","locations":[{"start":{"line":2,"column":2},"end":{"line":4,"column":3}},{"start":{"line":2,"column":2},"end":{"line":4,"column":3}}],"line":2}},"s":{"0":3,"1":1,"2":0},"f":{"0":1},"b":{"0":[0,1]},"_coverageSchema":"1a1c01bbd47fc00a2c39e90264f33305004495a9","hash":"931b10f1376f6dd7dc869393e4bd904b662a8712"}
,"/Users/kbingman/Work/Rust/theexpanseapi/www/test/mocks/index.ts": {"path":"/Users/kbingman/Work/Rust/theexpanseapi/www/test/mocks/index.ts","statementMap":{"0":{"start":{"line":4,"column":33},"end":{"line":11,"column":2}},"1":{"start":{"line":4,"column":78},"end":{"line":11,"column":1}},"2":{"start":{"line":13,"column":38},"end":{"line":17,"column":2}},"3":{"start":{"line":13,"column":76},"end":{"line":17,"column":1}}},"fnMap":{"0":{"name":"(anonymous_0)","decl":{"start":{"line":4,"column":33},"end":{"line":4,"column":34}},"loc":{"start":{"line":4,"column":78},"end":{"line":11,"column":1}},"line":4},"1":{"name":"(anonymous_1)","decl":{"start":{"line":13,"column":38},"end":{"line":13,"column":39}},"loc":{"start":{"line":13,"column":76},"end":{"line":17,"column":1}},"line":13}},"branchMap":{},"s":{"0":2,"1":3,"2":2,"3":0},"f":{"0":3,"1":0},"b":{},"_coverageSchema":"1a1c01bbd47fc00a2c39e90264f33305004495a9","hash":"89b40ad1051ee16e33b55449a8b8035e9366ca9f"}
}
